<?xml version="1.0" encoding="UTF-8"?>
<testsuite name="com.kodilla.stream.array.ArrayOperationsTestSuite" tests="1" skipped="0" failures="0" errors="0" timestamp="2018-09-19T13:15:27" hostname="DESKTOP-B6C46RV" time="0.005">
  <properties/>
  <testcase name="testGetAverage" classname="com.kodilla.stream.array.ArrayOperationsTestSuite" time="0.005"/>
  <system-out><![CDATA[2
4
6
7
13
21
]]></system-out>
  <system-err><![CDATA[]]></system-err>
</testsuite>
