<?xml version="1.0" encoding="UTF-8"?>
<testsuite name="rozmowa1311.StringObfuscationTestSuite" tests="7" skipped="0" failures="0" errors="0" timestamp="2018-11-20T02:43:49" hostname="DESKTOP-B6C46RV" time="0.002">
  <properties/>
  <testcase name="shouldMaskDigitsForBasicCreditCards" classname="rozmowa1311.StringObfuscationTestSuite" time="0.0"/>
  <testcase name="shouldMaskDigitsForCreditCardsWithDashes" classname="rozmowa1311.StringObfuscationTestSuite" time="0.0"/>
  <testcase name="shouldNotMaskString" classname="rozmowa1311.StringObfuscationTestSuite" time="0.0"/>
  <testcase name="shouldNotMaskIfShorterThanDesiredLength" classname="rozmowa1311.StringObfuscationTestSuite" time="0.0"/>
  <testcase name="shouldHandleEmptyString" classname="rozmowa1311.StringObfuscationTestSuite" time="0.0"/>
  <testcase name="shouldCheckFourthDigitFromEndIndex" classname="rozmowa1311.StringObfuscationTestSuite" time="0.0"/>
  <testcase name="shouldMaskDigitsForDifferentLengths" classname="rozmowa1311.StringObfuscationTestSuite" time="0.0"/>
  <system-out><![CDATA[12
15
3
57
7
]]></system-out>
  <system-err><![CDATA[]]></system-err>
</testsuite>
