<?xml version="1.0" encoding="UTF-8"?>
<testsuite name="com.kodilla.testing.shape.ShapeCollectionTestSuite" tests="4" skipped="0" failures="0" errors="0" timestamp="2018-09-19T13:15:30" hostname="DESKTOP-B6C46RV" time="0.002">
  <properties/>
  <testcase name="testShowFigures" classname="com.kodilla.testing.shape.ShapeCollectionTestSuite" time="0.002"/>
  <testcase name="testRemoveShape" classname="com.kodilla.testing.shape.ShapeCollectionTestSuite" time="0.0"/>
  <testcase name="testAddShape" classname="com.kodilla.testing.shape.ShapeCollectionTestSuite" time="0.0"/>
  <testcase name="testGetFigure" classname="com.kodilla.testing.shape.ShapeCollectionTestSuite" time="0.0"/>
  <system-out><![CDATA[This is the beginning of tests.
Preparing to execute test #1
Preparing to execute test #2
Preparing to execute test #3
Preparing to execute test #4
All tests are finished.
]]></system-out>
  <system-err><![CDATA[]]></system-err>
</testsuite>
