<?xml version="1.0" encoding="UTF-8"?>
<testsuite name="rozmowa2408.RandomGamesTestSuite" tests="3" skipped="0" failures="0" errors="0" timestamp="2018-11-20T02:43:49" hostname="DESKTOP-B6C46RV" time="0.012">
  <properties/>
  <testcase name="testJackpot2" classname="rozmowa2408.RandomGamesTestSuite" time="0.011"/>
  <testcase name="testJackpot5" classname="rozmowa2408.RandomGamesTestSuite" time="0.001"/>
  <testcase name="testMiniLotto" classname="rozmowa2408.RandomGamesTestSuite" time="0.0"/>
  <system-out><![CDATA[]]></system-out>
  <system-err><![CDATA[]]></system-err>
</testsuite>
