<?xml version="1.0" encoding="UTF-8"?>
<testsuite name="rozmowa0408.asdf" tests="9" skipped="0" failures="0" errors="0" timestamp="2018-08-16T10:11:34" hostname="DESKTOP-B6C46RV" time="0.002">
  <properties/>
  <testcase name="testMax" classname="rozmowa0408.asdf" time="0.001"/>
  <testcase name="testMin" classname="rozmowa0408.asdf" time="0.0"/>
  <testcase name="testSum" classname="rozmowa0408.asdf" time="0.0"/>
  <testcase name="testAverage" classname="rozmowa0408.asdf" time="0.0"/>
  <testcase name="testCountLength3UsingJava7" classname="rozmowa0408.asdf" time="0.0"/>
  <testcase name="testCountEmptyStringUsingJava7" classname="rozmowa0408.asdf" time="0.0"/>
  <testcase name="testDeleteEmptyStringsUsingJava7" classname="rozmowa0408.asdf" time="0.0"/>
  <testcase name="testMergedStringUsingJava7" classname="rozmowa0408.asdf" time="0.0"/>
  <testcase name="testSquares" classname="rozmowa0408.asdf" time="0.0"/>
  <system-out><![CDATA[]]></system-out>
  <system-err><![CDATA[]]></system-err>
</testsuite>
