<?xml version="1.0" encoding="UTF-8"?>
<testsuite name="com.kodilla.testing.forum.statistics.StatisticsTestSuite" tests="6" skipped="0" failures="0" errors="0" timestamp="2018-08-16T10:11:34" hostname="DESKTOP-B6C46RV" time="0.242">
  <properties/>
  <testcase name="TestAverageCommentsPerPost" classname="com.kodilla.testing.forum.statistics.StatisticsTestSuite" time="0.24"/>
  <testcase name="TestAverageCommentsPerUser" classname="com.kodilla.testing.forum.statistics.StatisticsTestSuite" time="0.0"/>
  <testcase name="TestPostCount" classname="com.kodilla.testing.forum.statistics.StatisticsTestSuite" time="0.0"/>
  <testcase name="TestAveragePostsPerUser" classname="com.kodilla.testing.forum.statistics.StatisticsTestSuite" time="0.001"/>
  <testcase name="TestCommentCount" classname="com.kodilla.testing.forum.statistics.StatisticsTestSuite" time="0.0"/>
  <testcase name="TestUserCount" classname="com.kodilla.testing.forum.statistics.StatisticsTestSuite" time="0.0"/>
  <system-out><![CDATA[]]></system-out>
  <system-err><![CDATA[]]></system-err>
</testsuite>
