<?xml version="1.0" encoding="UTF-8"?>
<testsuite name="com.kodilla.patterns.builder.bigmac.BigmacTestSuite" tests="1" skipped="0" failures="0" errors="0" timestamp="2018-11-20T02:43:47" hostname="DESKTOP-B6C46RV" time="0.001">
  <properties/>
  <testcase name="testPizzaNew" classname="com.kodilla.patterns.builder.bigmac.BigmacTestSuite" time="0.001"/>
  <system-out><![CDATA[Bigmac{bun='normal', burgers=2, sauce='1000t', ingredients=[Onion, Egg, Tomato, Bacon]}
]]></system-out>
  <system-err><![CDATA[]]></system-err>
</testsuite>
