<?xml version="1.0" encoding="UTF-8"?>
<testsuite name="com.kodilla.patterns.singleton.LoggerTestSuite" tests="1" skipped="0" failures="0" errors="0" timestamp="2018-11-20T02:43:47" hostname="DESKTOP-B6C46RV" time="0.0">
  <properties/>
  <testcase name="testSaveSettings" classname="com.kodilla.patterns.singleton.LoggerTestSuite" time="0.0"/>
  <system-out><![CDATA[Log: [test]
]]></system-out>
  <system-err><![CDATA[]]></system-err>
</testsuite>
